<?xml version="1.0" encoding="UTF-8"?>
<testng-results skipped="0" failed="1" ignored="0" total="1" passed="0">
  <reporter-output>
    <line>
      <![CDATA[Inside the getPropValues()]]>
    </line>
    <line>
      <![CDATA[Created object of Properties class]]>
    </line>
    <line>
      <![CDATA[Assigning the resourcestream of properties file to inputstream]]>
    </line>
    <line>
      <![CDATA[Returning the keyvalue:  C:\Bhargavi\maven\my-app\src\test\java\]]>
    </line>
    <line>
      <![CDATA[Set the property succesfully for chrome driver]]>
    </line>
    <line>
      <![CDATA[Opening chrome driver]]>
    </line>
    <line>
      <![CDATA[Opening the URL ]]>
    </line>
    <line>
      <![CDATA[Title for the page is:  Electronics Site | Homepage]]>
    </line>
    <line>
      <![CDATA[Clearing any previous searches]]>
    </line>
    <line>
      <![CDATA[searching for product camera]]>
    </line>
    <line>
      <![CDATA[The results displayed are:]]>
    </line>
    <line>
      <![CDATA[144 Products found]]>
    </line>
    <line>
      <![CDATA[selected sort byprice (highest first)]]>
    </line>
  </reporter-output>
  <suite name="Sample suite" duration-ms="23003" started-at="2018-08-08T06:00:40Z" finished-at="2018-08-08T06:01:03Z">
    <groups>
    </groups>
    <test name="sample test1" duration-ms="23003" started-at="2018-08-08T06:00:40Z" finished-at="2018-08-08T06:01:03Z">
      <class name="testpackage1.ProductSearchTest">
        <test-method status="PASS" signature="initializeTestBaseSetup(java.lang.String, java.lang.String)[pri:0, instance:testpackage1.ProductSearchTest@548e7350]" name="initializeTestBaseSetup" is-config="true" duration-ms="7344" started-at="2018-08-08T06:00:40Z" finished-at="2018-08-08T06:00:48Z">
          <params>
            <param index="0">
              <value>
                <![CDATA[chrome]]>
              </value>
            </param>
            <param index="1">
              <value>
                <![CDATA[https://hybris.covalense.net:9002/yacceleratorstorefront/electronics/en/?site=electronics]]>
              </value>
            </param>
          </params>
          <reporter-output>
            <line>
              <![CDATA[Inside the getPropValues()]]>
            </line>
            <line>
              <![CDATA[Created object of Properties class]]>
            </line>
            <line>
              <![CDATA[Assigning the resourcestream of properties file to inputstream]]>
            </line>
            <line>
              <![CDATA[Returning the keyvalue:  C:\Bhargavi\maven\my-app\src\test\java\]]>
            </line>
            <line>
              <![CDATA[Set the property succesfully for chrome driver]]>
            </line>
            <line>
              <![CDATA[Opening chrome driver]]>
            </line>
            <line>
              <![CDATA[Opening the URL ]]>
            </line>
          </reporter-output>
        </test-method> <!-- initializeTestBaseSetup -->
        <test-method status="PASS" signature="setUp()[pri:0, instance:testpackage1.ProductSearchTest@548e7350]" name="setUp" is-config="true" duration-ms="1" started-at="2018-08-08T06:00:48Z" finished-at="2018-08-08T06:00:48Z">
          <reporter-output>
          </reporter-output>
        </test-method> <!-- setUp -->
        <test-method status="FAIL" signature="CheckOutProductTest(java.lang.String)[pri:0, instance:testpackage1.ProductSearchTest@548e7350]" name="CheckOutProductTest" duration-ms="15607" started-at="2018-08-08T06:00:48Z" finished-at="2018-08-08T06:01:03Z">
          <params>
            <param index="0">
              <value>
                <![CDATA[camera]]>
              </value>
            </param>
          </params>
          <exception class="org.openqa.selenium.WebDriverException">
            <message>
              <![CDATA[chrome not reachable
  (Session info: chrome=67.0.3396.99)
  (Driver info: chromedriver=2.40.565498 (ea082db3280dd6843ebfb08a625e3eb905c4f5ab),platform=Windows NT 10.0.17134 x86_64) (WARNING: The server did not provide any stacktrace information)
Command duration or timeout: 0 milliseconds
Build info: version: '3.13.0', revision: '2f0d292', time: '2018-06-25T15:24:21.231Z'
System info: host: 'BHARGAVI', ip: '192.168.11.215', os.name: 'Windows 10', os.arch: 'amd64', os.version: '10.0', java.version: '1.8.0_171'
Driver info: org.openqa.selenium.chrome.ChromeDriver
Capabilities {acceptInsecureCerts: false, acceptSslCerts: false, applicationCacheEnabled: false, browserConnectionEnabled: false, browserName: chrome, chrome: {chromedriverVersion: 2.40.565498 (ea082db3280dd6..., userDataDir: C:\Users\Bhargavi\AppData\L...}, cssSelectorsEnabled: true, databaseEnabled: false, handlesAlerts: true, hasTouchScreen: false, javascriptEnabled: true, locationContextEnabled: true, mobileEmulationEnabled: false, nativeEvents: true, networkConnectionEnabled: false, pageLoadStrategy: normal, platform: XP, platformName: XP, rotatable: false, setWindowRect: true, takesHeapSnapshot: true, takesScreenshot: true, unexpectedAlertBehaviour: , unhandledPromptBehavior: , version: 67.0.3396.99, webStorageEnabled: true}
Session ID: c8591ea43527ace664216f58d1f23b39]]>
            </message>
            <full-stacktrace>
              <![CDATA[org.openqa.selenium.WebDriverException: chrome not reachable
  (Session info: chrome=67.0.3396.99)
  (Driver info: chromedriver=2.40.565498 (ea082db3280dd6843ebfb08a625e3eb905c4f5ab),platform=Windows NT 10.0.17134 x86_64) (WARNING: The server did not provide any stacktrace information)
Command duration or timeout: 0 milliseconds
Build info: version: '3.13.0', revision: '2f0d292', time: '2018-06-25T15:24:21.231Z'
System info: host: 'BHARGAVI', ip: '192.168.11.215', os.name: 'Windows 10', os.arch: 'amd64', os.version: '10.0', java.version: '1.8.0_171'
Driver info: org.openqa.selenium.chrome.ChromeDriver
Capabilities {acceptInsecureCerts: false, acceptSslCerts: false, applicationCacheEnabled: false, browserConnectionEnabled: false, browserName: chrome, chrome: {chromedriverVersion: 2.40.565498 (ea082db3280dd6..., userDataDir: C:\Users\Bhargavi\AppData\L...}, cssSelectorsEnabled: true, databaseEnabled: false, handlesAlerts: true, hasTouchScreen: false, javascriptEnabled: true, locationContextEnabled: true, mobileEmulationEnabled: false, nativeEvents: true, networkConnectionEnabled: false, pageLoadStrategy: normal, platform: XP, platformName: XP, rotatable: false, setWindowRect: true, takesHeapSnapshot: true, takesScreenshot: true, unexpectedAlertBehaviour: , unhandledPromptBehavior: , version: 67.0.3396.99, webStorageEnabled: true}
Session ID: c8591ea43527ace664216f58d1f23b39
at sun.reflect.NativeConstructorAccessorImpl.newInstance0(Native Method)
at sun.reflect.NativeConstructorAccessorImpl.newInstance(NativeConstructorAccessorImpl.java:62)
at sun.reflect.DelegatingConstructorAccessorImpl.newInstance(DelegatingConstructorAccessorImpl.java:45)
at java.lang.reflect.Constructor.newInstance(Constructor.java:423)
at org.openqa.selenium.remote.ErrorHandler.createThrowable(ErrorHandler.java:214)
at org.openqa.selenium.remote.ErrorHandler.throwIfResponseFailed(ErrorHandler.java:166)
at org.openqa.selenium.remote.http.JsonHttpResponseCodec.reconstructValue(JsonHttpResponseCodec.java:40)
at org.openqa.selenium.remote.http.AbstractHttpResponseCodec.decode(AbstractHttpResponseCodec.java:80)
at org.openqa.selenium.remote.http.AbstractHttpResponseCodec.decode(AbstractHttpResponseCodec.java:44)
at org.openqa.selenium.remote.HttpCommandExecutor.execute(HttpCommandExecutor.java:158)
at org.openqa.selenium.remote.service.DriverCommandExecutor.execute(DriverCommandExecutor.java:83)
at org.openqa.selenium.remote.RemoteWebDriver.execute(RemoteWebDriver.java:548)
at org.openqa.selenium.remote.RemoteWebDriver.execute(RemoteWebDriver.java:605)
at org.openqa.selenium.remote.RemoteWebDriver.getCurrentUrl(RemoteWebDriver.java:286)
at com.pack.common.pageobjects.HomePage.sortingResults(HomePage.java:152)
at testpackage1.ProductSearchTest.CheckOutProductTest(ProductSearchTest.java:46)
at sun.reflect.NativeMethodAccessorImpl.invoke0(Native Method)
at sun.reflect.NativeMethodAccessorImpl.invoke(NativeMethodAccessorImpl.java:62)
at sun.reflect.DelegatingMethodAccessorImpl.invoke(DelegatingMethodAccessorImpl.java:43)
at java.lang.reflect.Method.invoke(Method.java:498)
at org.testng.internal.MethodInvocationHelper.invokeMethod(MethodInvocationHelper.java:124)
at org.testng.internal.Invoker.invokeMethod(Invoker.java:583)
at org.testng.internal.Invoker.invokeTestMethod(Invoker.java:719)
at org.testng.internal.Invoker.invokeTestMethods(Invoker.java:989)
at org.testng.internal.TestMethodWorker.invokeTestMethods(TestMethodWorker.java:125)
at org.testng.internal.TestMethodWorker.run(TestMethodWorker.java:109)
at org.testng.TestRunner.privateRun(TestRunner.java:648)
at org.testng.TestRunner.run(TestRunner.java:505)
at org.testng.SuiteRunner.runTest(SuiteRunner.java:455)
at org.testng.SuiteRunner.runSequentially(SuiteRunner.java:450)
at org.testng.SuiteRunner.privateRun(SuiteRunner.java:415)
at org.testng.SuiteRunner.run(SuiteRunner.java:364)
at org.testng.SuiteRunnerWorker.runSuite(SuiteRunnerWorker.java:52)
at org.testng.SuiteRunnerWorker.run(SuiteRunnerWorker.java:84)
at org.testng.TestNG.runSuitesSequentially(TestNG.java:1208)
at org.testng.TestNG.runSuitesLocally(TestNG.java:1137)
at org.testng.TestNG.runSuites(TestNG.java:1049)
at org.testng.TestNG.run(TestNG.java:1017)
at org.testng.remote.AbstractRemoteTestNG.run(AbstractRemoteTestNG.java:114)
at org.testng.remote.RemoteTestNG.initAndRun(RemoteTestNG.java:251)
at org.testng.remote.RemoteTestNG.main(RemoteTestNG.java:77)
]]>
            </full-stacktrace>
          </exception> <!-- org.openqa.selenium.WebDriverException -->
          <reporter-output>
            <line>
              <![CDATA[Title for the page is:  Electronics Site | Homepage]]>
            </line>
            <line>
              <![CDATA[Clearing any previous searches]]>
            </line>
            <line>
              <![CDATA[searching for product camera]]>
            </line>
            <line>
              <![CDATA[The results displayed are:]]>
            </line>
            <line>
              <![CDATA[144 Products found]]>
            </line>
            <line>
              <![CDATA[selected sort byprice (highest first)]]>
            </line>
          </reporter-output>
        </test-method> <!-- CheckOutProductTest -->
      </class> <!-- testpackage1.ProductSearchTest -->
    </test> <!-- sample test1 -->
  </suite> <!-- Sample suite -->
</testng-results>
